<?xml version="1.0" encoding="UTF-8"?>
<!-- Generated by org.testng.reporters.JUnitReportReporter -->
<testsuite hostname="admin-PC" name="practice.Practice" tests="1" failures="0" timestamp="25 Jun 2018 10:05:40 GMT" time="36.253" errors="0">
  <testcase name="display" time="36.253" classname="practice.Practice"/>
</testsuite> <!-- practice.Practice -->
